<?xml version="1.0" encoding="UTF-8"?>
<!-- Generated by org.testng.reporters.JUnitReportReporter -->
<testsuite hostname="Niveditas-MacBook-Air.local" failures="0" tests="4" name="com.lemoney.driver.MobileAirtelPrepaid" time="52.271" errors="0" timestamp="23 Aug 2018 04:34:05 GMT">
  <testcase classname="com.lemoney.driver.MobileAirtelPrepaid" name="MobileBiller" time="16.356"/>
  <testcase classname="com.lemoney.driver.MobileAirtelPrepaid" name="ClickServices" time="7.195"/>
  <testcase classname="com.lemoney.driver.MobileAirtelPrepaid" name="AirtelMobile" time="26.716"/>
  <testcase classname="com.lemoney.driver.MobileAirtelPrepaid" name="ClickMobileBiller" time="2.004"/>
</testsuite> <!-- com.lemoney.driver.MobileAirtelPrepaid -->
