<?xml version="1.0" encoding="UTF-8"?>
<!-- Generated by org.testng.reporters.JUnitReportReporter -->
<testsuite hostname="Niveditas-MacBook-Air.local" failures="0" tests="1" name="com.lemoney.driver.HomePage" time="48.479" errors="0" timestamp="23 Aug 2018 07:30:53 GMT">
  <testcase classname="com.lemoney.driver.HomePage" name="HomePage" time="48.479"/>
</testsuite> <!-- com.lemoney.driver.HomePage -->
