<?xml version="1.0" encoding="UTF-8"?>
<!-- Generated by org.testng.reporters.JUnitReportReporter -->
<testsuite hostname="Niveditas-MacBook-Air.local" failures="0" tests="2" name="com.lemoney.App" time="0.011" errors="0" timestamp="13 Aug 2018 07:54:15 GMT">
  <testcase classname="com.lemoney.App" name="capabilities" time="0.008"/>
  <testcase classname="com.lemoney.App" name="dapabilities" time="0.003"/>
</testsuite> <!-- com.lemoney.App -->
